Let talk money app for android/app/build/intermediates/manifest_merge_blame_file/debug/manifest-merger-blame-debug-report.txt
1<?xml version="1.0" encoding="utf-8"?>
2<manifest xmlns:android="http://schemas.android.com/apk/res/android"
3    package="com.example.socialboard"
4    android:versionCode="1"
5    android:versionName="1.0" >
6
7    <uses-sdk
8        android:minSdkVersion="23"
8-->src\main\AndroidManifest.xml
9        android:targetSdkVersion="30" />
9-->src\main\AndroidManifest.xml
10
11    <uses-permission android:name="android.permission.ACCESS_NETWORK_STATE" />
11-->src\main\AndroidManifest.xml:5:5-79
11-->src\main\AndroidManifest.xml:5:22-76
12    <uses-permission android:name="android.permission.INTERNET" />
12-->[com.firebaseui:firebase-ui-database:7.2.0] AndroidManifest.xml:11:5-67
12-->[com.firebaseui:firebase-ui-database:7.2.0] AndroidManifest.xml:11:22-64
13    <uses-permission android:name="android.permission.WAKE_LOCK" /> <!-- Android package visibility setting -->
13-->[com.google.android.gms:play-services-measurement-api:19.0.0] AndroidManifest.xml:24:5-68
13-->[com.google.android.gms:play-services-measurement-api:19.0.0] AndroidManifest.xml:24:22-65
14    <queries>
14-->[com.google.android.gms:play-services-ads-lite:20.2.0] AndroidManifest.xml:27:5-43:15
15
16        <!-- For browser content -->
17        <intent>
17-->[com.google.android.gms:play-services-ads-lite:20.2.0] AndroidManifest.xml:30:9-36:18
18            <action android:name="android.intent.action.VIEW" />
18-->[com.google.firebase:firebase-auth:21.0.1] AndroidManifest.xml:34:17-69
18-->[com.google.firebase:firebase-auth:21.0.1] AndroidManifest.xml:34:25-66
19
20            <category android:name="android.intent.category.BROWSABLE" />
20-->[com.google.firebase:firebase-auth:21.0.1] AndroidManifest.xml:37:17-78
20-->[com.google.firebase:firebase-auth:21.0.1] AndroidManifest.xml:37:27-75
21
22            <data android:scheme="https" />
22-->[com.google.firebase:firebase-auth:21.0.1] AndroidManifest.xml:39:17-42:51
22-->[com.google.firebase:firebase-auth:21.0.1] AndroidManifest.xml:42:21-48
23        </intent>
24        <!-- End of browser content -->
25        <!-- For CustomTabsService -->
26        <intent>
26-->[com.google.android.gms:play-services-ads-lite:20.2.0] AndroidManifest.xml:39:9-41:18
27            <action android:name="android.support.customtabs.action.CustomTabsService" />
27-->[com.google.android.gms:play-services-ads-lite:20.2.0] AndroidManifest.xml:40:13-90
27-->[com.google.android.gms:play-services-ads-lite:20.2.0] AndroidManifest.xml:40:21-87
28        </intent>
29        <!-- End of CustomTabsService -->
30    </queries>
31
32    <uses-permission android:name="com.google.android.finsky.permission.BIND_GET_INSTALL_REFERRER_SERVICE" />
32-->[com.google.android.gms:play-services-measurement:19.0.0] AndroidManifest.xml:26:5-110
32-->[com.google.android.gms:play-services-measurement:19.0.0] AndroidManifest.xml:26:22-107
33    <uses-permission android:name="android.permission.RECEIVE_BOOT_COMPLETED" />
33-->[androidx.work:work-runtime:2.1.0] AndroidManifest.xml:27:5-81
33-->[androidx.work:work-runtime:2.1.0] AndroidManifest.xml:27:22-78
34
35    <application
35-->src\main\AndroidManifest.xml:7:5-37:19
36        android:allowBackup="true"
36-->src\main\AndroidManifest.xml:8:9-35
37        android:appComponentFactory="androidx.core.app.CoreComponentFactory"
37-->[androidx.core:core:1.5.0] AndroidManifest.xml:24:18-86
38        android:debuggable="true"
39        android:extractNativeLibs="false"
40        android:icon="@mipmap/ic_launcher"
40-->src\main\AndroidManifest.xml:9:9-43
41        android:label="@string/app_name"
41-->src\main\AndroidManifest.xml:10:9-41
42        android:roundIcon="@mipmap/ic_launcher_round"
42-->src\main\AndroidManifest.xml:11:9-54
43        android:supportsRtl="true"
43-->src\main\AndroidManifest.xml:12:9-35
44        android:testOnly="true"
45        android:theme="@style/Theme.SocialBoard" >
45-->src\main\AndroidManifest.xml:13:9-49
46        <meta-data
46-->src\main\AndroidManifest.xml:16:9-18:70
47            android:name="com.google.android.gms.ads.APPLICATION_ID"
47-->src\main\AndroidManifest.xml:17:13-69
48            android:value="ca-app-pub-2618750830291672~3853324103" />
48-->src\main\AndroidManifest.xml:18:13-67
49
50        <activity android:name="com.example.socialboard.Profile" />
50-->src\main\AndroidManifest.xml:20:9-45
50-->src\main\AndroidManifest.xml:20:19-42
51        <activity android:name="com.example.socialboard.Settings" />
51-->src\main\AndroidManifest.xml:21:9-46
51-->src\main\AndroidManifest.xml:21:19-43
52        <activity
52-->src\main\AndroidManifest.xml:22:9-24:68
53            android:name="com.example.socialboard.Board"
53-->src\main\AndroidManifest.xml:23:13-34
54            android:theme="@style/Theme.SocialBoard.NoActionBar" />
54-->src\main\AndroidManifest.xml:24:13-65
55        <activity android:name="com.example.socialboard.MainActivity" />
55-->src\main\AndroidManifest.xml:25:9-50
55-->src\main\AndroidManifest.xml:25:19-47
56        <activity android:name="com.example.socialboard.Login" />
56-->src\main\AndroidManifest.xml:26:9-43
56-->src\main\AndroidManifest.xml:26:19-40
57        <activity android:name="com.example.socialboard.Register" />
57-->src\main\AndroidManifest.xml:27:9-46
57-->src\main\AndroidManifest.xml:27:19-43
58        <activity android:name="com.example.socialboard.ChangeDetails" />
58-->src\main\AndroidManifest.xml:28:9-51
58-->src\main\AndroidManifest.xml:28:19-48
59        <activity android:name="com.example.socialboard.SplashScreen" >
59-->src\main\AndroidManifest.xml:29:9-35:20
59-->src\main\AndroidManifest.xml:29:19-47
60            <intent-filter>
60-->src\main\AndroidManifest.xml:30:13-34:29
61                <action android:name="android.intent.action.MAIN" />
61-->src\main\AndroidManifest.xml:31:17-69
61-->src\main\AndroidManifest.xml:31:25-66
62
63                <category android:name="android.intent.category.LAUNCHER" />
63-->src\main\AndroidManifest.xml:33:17-77
63-->src\main\AndroidManifest.xml:33:27-74
64            </intent-filter>
65        </activity>
66        <activity android:name="com.example.socialboard.ChatActivity" />
66-->src\main\AndroidManifest.xml:36:9-50
66-->src\main\AndroidManifest.xml:36:19-47
67        <activity
67-->[com.google.firebase:firebase-auth:21.0.1] AndroidManifest.xml:27:9-44:20
68            android:name="com.google.firebase.auth.internal.GenericIdpActivity"
68-->[com.google.firebase:firebase-auth:21.0.1] AndroidManifest.xml:28:13-80
69            android:excludeFromRecents="true"
69-->[com.google.firebase:firebase-auth:21.0.1] AndroidManifest.xml:29:13-46
70            android:exported="true"
70-->[com.google.firebase:firebase-auth:21.0.1] AndroidManifest.xml:30:13-36
71            android:launchMode="singleTask"
71-->[com.google.firebase:firebase-auth:21.0.1] AndroidManifest.xml:31:13-44
72            android:theme="@android:style/Theme.Translucent.NoTitleBar" >
72-->[com.google.firebase:firebase-auth:21.0.1] AndroidManifest.xml:32:13-72
73            <intent-filter>
73-->[com.google.firebase:firebase-auth:21.0.1] AndroidManifest.xml:33:13-43:29
74                <action android:name="android.intent.action.VIEW" />
74-->[com.google.firebase:firebase-auth:21.0.1] AndroidManifest.xml:34:17-69
74-->[com.google.firebase:firebase-auth:21.0.1] AndroidManifest.xml:34:25-66
75
76                <category android:name="android.intent.category.DEFAULT" />
76-->[com.google.firebase:firebase-auth:21.0.1] AndroidManifest.xml:36:17-76
76-->[com.google.firebase:firebase-auth:21.0.1] AndroidManifest.xml:36:27-73
77                <category android:name="android.intent.category.BROWSABLE" />
77-->[com.google.firebase:firebase-auth:21.0.1] AndroidManifest.xml:37:17-78
77-->[com.google.firebase:firebase-auth:21.0.1] AndroidManifest.xml:37:27-75
78
79                <data
79-->[com.google.firebase:firebase-auth:21.0.1] AndroidManifest.xml:39:17-42:51
80                    android:host="firebase.auth"
80-->[com.google.firebase:firebase-auth:21.0.1] AndroidManifest.xml:40:21-49
81                    android:path="/"
81-->[com.google.firebase:firebase-auth:21.0.1] AndroidManifest.xml:41:21-37
82                    android:scheme="genericidp" />
82-->[com.google.firebase:firebase-auth:21.0.1] AndroidManifest.xml:42:21-48
83            </intent-filter>
84        </activity>
85        <activity
85-->[com.google.firebase:firebase-auth:21.0.1] AndroidManifest.xml:45:9-62:20
86            android:name="com.google.firebase.auth.internal.RecaptchaActivity"
86-->[com.google.firebase:firebase-auth:21.0.1] AndroidManifest.xml:46:13-79
87            android:excludeFromRecents="true"
87-->[com.google.firebase:firebase-auth:21.0.1] AndroidManifest.xml:47:13-46
88            android:exported="true"
88-->[com.google.firebase:firebase-auth:21.0.1] AndroidManifest.xml:48:13-36
89            android:launchMode="singleTask"
89-->[com.google.firebase:firebase-auth:21.0.1] AndroidManifest.xml:49:13-44
90            android:theme="@android:style/Theme.Translucent.NoTitleBar" >
90-->[com.google.firebase:firebase-auth:21.0.1] AndroidManifest.xml:50:13-72
91            <intent-filter>
91-->[com.google.firebase:firebase-auth:21.0.1] AndroidManifest.xml:51:13-61:29
92                <action android:name="android.intent.action.VIEW" />
92-->[com.google.firebase:firebase-auth:21.0.1] AndroidManifest.xml:34:17-69
92-->[com.google.firebase:firebase-auth:21.0.1] AndroidManifest.xml:34:25-66
93
94                <category android:name="android.intent.category.DEFAULT" />
94-->[com.google.firebase:firebase-auth:21.0.1] AndroidManifest.xml:36:17-76
94-->[com.google.firebase:firebase-auth:21.0.1] AndroidManifest.xml:36:27-73
95                <category android:name="android.intent.category.BROWSABLE" />
95-->[com.google.firebase:firebase-auth:21.0.1] AndroidManifest.xml:37:17-78
95-->[com.google.firebase:firebase-auth:21.0.1] AndroidManifest.xml:37:27-75
96
97                <data
97-->[com.google.firebase:firebase-auth:21.0.1] AndroidManifest.xml:39:17-42:51
98                    android:host="firebase.auth"
98-->[com.google.firebase:firebase-auth:21.0.1] AndroidManifest.xml:40:21-49
99                    android:path="/"
99-->[com.google.firebase:firebase-auth:21.0.1] AndroidManifest.xml:41:21-37
100                    android:scheme="recaptcha" />
100-->[com.google.firebase:firebase-auth:21.0.1] AndroidManifest.xml:42:21-48
101            </intent-filter>
102        </activity>
103
104        <service
104-->[com.google.firebase:firebase-auth:21.0.1] AndroidManifest.xml:64:9-73:19
105            android:name="com.google.firebase.auth.api.fallback.service.FirebaseAuthFallbackService"
105-->[com.google.firebase:firebase-auth:21.0.1] AndroidManifest.xml:65:13-101
106            android:enabled="true"
106-->[com.google.firebase:firebase-auth:21.0.1] AndroidManifest.xml:66:13-35
107            android:exported="false" >
107-->[com.google.firebase:firebase-auth:21.0.1] AndroidManifest.xml:67:13-37
108            <intent-filter>
108-->[com.google.firebase:firebase-auth:21.0.1] AndroidManifest.xml:68:13-72:29
109                <action android:name="com.google.firebase.auth.api.gms.service.START" />
109-->[com.google.firebase:firebase-auth:21.0.1] AndroidManifest.xml:69:17-89
109-->[com.google.firebase:firebase-auth:21.0.1] AndroidManifest.xml:69:25-86
110
111                <category android:name="android.intent.category.DEFAULT" />
111-->[com.google.firebase:firebase-auth:21.0.1] AndroidManifest.xml:36:17-76
111-->[com.google.firebase:firebase-auth:21.0.1] AndroidManifest.xml:36:27-73
112            </intent-filter>
113        </service>
114        <service
114-->[com.google.firebase:firebase-auth:21.0.1] AndroidManifest.xml:74:9-80:19
115            android:name="com.google.firebase.components.ComponentDiscoveryService"
115-->[com.google.firebase:firebase-auth:21.0.1] AndroidManifest.xml:75:13-84
116            android:directBootAware="true"
116-->[com.google.firebase:firebase-common:20.0.0] AndroidManifest.xml:35:13-43
117            android:exported="false" >
117-->[com.google.firebase:firebase-auth:21.0.1] AndroidManifest.xml:76:13-37
118            <meta-data
118-->[com.google.firebase:firebase-auth:21.0.1] AndroidManifest.xml:77:13-79:85
119                android:name="com.google.firebase.components:com.google.firebase.auth.FirebaseAuthRegistrar"
119-->[com.google.firebase:firebase-auth:21.0.1] AndroidManifest.xml:78:17-109
120                android:value="com.google.firebase.components.ComponentRegistrar" />
120-->[com.google.firebase:firebase-auth:21.0.1] AndroidManifest.xml:79:17-82
121            <meta-data
121-->[com.google.firebase:firebase-firestore:23.0.1] AndroidManifest.xml:20:13-22:85
122                android:name="com.google.firebase.components:com.google.firebase.firestore.FirestoreRegistrar"
122-->[com.google.firebase:firebase-firestore:23.0.1] AndroidManifest.xml:21:17-111
123                android:value="com.google.firebase.components.ComponentRegistrar" />
123-->[com.google.firebase:firebase-firestore:23.0.1] AndroidManifest.xml:22:17-82
124            <meta-data
124-->[com.google.firebase:firebase-database:20.0.0] AndroidManifest.xml:32:13-34:85
125                android:name="com.google.firebase.components:com.google.firebase.database.DatabaseRegistrar"
125-->[com.google.firebase:firebase-database:20.0.0] AndroidManifest.xml:33:17-109
126                android:value="com.google.firebase.components.ComponentRegistrar" />
126-->[com.google.firebase:firebase-database:20.0.0] AndroidManifest.xml:34:17-82
127            <meta-data
127-->[com.google.firebase:firebase-storage:20.0.0] AndroidManifest.xml:33:13-35:85
128                android:name="com.google.firebase.components:com.google.firebase.storage.StorageRegistrar"
128-->[com.google.firebase:firebase-storage:20.0.0] AndroidManifest.xml:34:17-107
129                android:value="com.google.firebase.components.ComponentRegistrar" />
129-->[com.google.firebase:firebase-storage:20.0.0] AndroidManifest.xml:35:17-82
130            <meta-data
130-->[com.google.android.gms:play-services-measurement-api:19.0.0] AndroidManifest.xml:30:13-32:85
131                android:name="com.google.firebase.components:com.google.firebase.analytics.connector.internal.AnalyticsConnectorRegistrar"
131-->[com.google.android.gms:play-services-measurement-api:19.0.0] AndroidManifest.xml:31:17-139
132                android:value="com.google.firebase.components.ComponentRegistrar" />
132-->[com.google.android.gms:play-services-measurement-api:19.0.0] AndroidManifest.xml:32:17-82
133            <meta-data
133-->[com.google.firebase:firebase-installations:17.0.0] AndroidManifest.xml:18:13-20:85
134                android:name="com.google.firebase.components:com.google.firebase.installations.FirebaseInstallationsRegistrar"
134-->[com.google.firebase:firebase-installations:17.0.0] AndroidManifest.xml:19:17-127
135                android:value="com.google.firebase.components.ComponentRegistrar" />
135-->[com.google.firebase:firebase-installations:17.0.0] AndroidManifest.xml:20:17-82
136        </service>
137
138        <activity
138-->[com.google.android.gms:play-services-auth:19.0.0] AndroidManifest.xml:23:9-27:75
139            android:name="com.google.android.gms.auth.api.signin.internal.SignInHubActivity"
139-->[com.google.android.gms:play-services-auth:19.0.0] AndroidManifest.xml:24:13-93
140            android:excludeFromRecents="true"
140-->[com.google.android.gms:play-services-auth:19.0.0] AndroidManifest.xml:25:13-46
141            android:exported="false"
141-->[com.google.android.gms:play-services-auth:19.0.0] AndroidManifest.xml:26:13-37
142            android:theme="@android:style/Theme.Translucent.NoTitleBar" />
142-->[com.google.android.gms:play-services-auth:19.0.0] AndroidManifest.xml:27:13-72
143        <!--
144            Service handling Google Sign-In user revocation. For apps that do not integrate with
145            Google Sign-In, this service will never be started.
146        -->
147        <service
147-->[com.google.android.gms:play-services-auth:19.0.0] AndroidManifest.xml:33:9-37:51
148            android:name="com.google.android.gms.auth.api.signin.RevocationBoundService"
148-->[com.google.android.gms:play-services-auth:19.0.0] AndroidManifest.xml:34:13-89
149            android:exported="true"
149-->[com.google.android.gms:play-services-auth:19.0.0] AndroidManifest.xml:35:13-36
150            android:permission="com.google.android.gms.auth.api.signin.permission.REVOCATION_NOTIFICATION"
150-->[com.google.android.gms:play-services-auth:19.0.0] AndroidManifest.xml:36:13-107
151            android:visibleToInstantApps="true" />
151-->[com.google.android.gms:play-services-auth:19.0.0] AndroidManifest.xml:37:13-48
152
153        <provider
153-->[com.google.firebase:firebase-common:20.0.0] AndroidManifest.xml:26:9-31:39
154            android:name="com.google.firebase.provider.FirebaseInitProvider"
154-->[com.google.firebase:firebase-common:20.0.0] AndroidManifest.xml:27:13-77
155            android:authorities="com.example.socialboard.firebaseinitprovider"
155-->[com.google.firebase:firebase-common:20.0.0] AndroidManifest.xml:28:13-72
156            android:directBootAware="true"
156-->[com.google.firebase:firebase-common:20.0.0] AndroidManifest.xml:29:13-43
157            android:exported="false"
157-->[com.google.firebase:firebase-common:20.0.0] AndroidManifest.xml:30:13-37
158            android:initOrder="100" />
158-->[com.google.firebase:firebase-common:20.0.0] AndroidManifest.xml:31:13-36
159
160        <activity
160-->[com.google.android.gms:play-services-base:17.1.0] AndroidManifest.xml:23:9-26:75
161            android:name="com.google.android.gms.common.api.GoogleApiActivity"
161-->[com.google.android.gms:play-services-base:17.1.0] AndroidManifest.xml:24:13-79
162            android:exported="false"
162-->[com.google.android.gms:play-services-base:17.1.0] AndroidManifest.xml:25:13-37
163            android:theme="@android:style/Theme.Translucent.NoTitleBar" /> <!-- Include the AdActivity and InAppPurchaseActivity configChanges and themes. -->
163-->[com.google.android.gms:play-services-base:17.1.0] AndroidManifest.xml:26:13-72
164        <activity
164-->[com.google.android.gms:play-services-ads-lite:20.2.0] AndroidManifest.xml:48:9-52:64
165            android:name="com.google.android.gms.ads.AdActivity"
165-->[com.google.android.gms:play-services-ads-lite:20.2.0] AndroidManifest.xml:49:13-65
166            android:configChanges="keyboard|keyboardHidden|orientation|screenLayout|uiMode|screenSize|smallestScreenSize"
166-->[com.google.android.gms:play-services-ads-lite:20.2.0] AndroidManifest.xml:50:13-122
167            android:exported="false"
167-->[com.google.android.gms:play-services-ads-lite:20.2.0] AndroidManifest.xml:51:13-37
168            android:theme="@android:style/Theme.Translucent" />
168-->[com.google.android.gms:play-services-ads-lite:20.2.0] AndroidManifest.xml:52:13-61
169
170        <provider
170-->[com.google.android.gms:play-services-ads-lite:20.2.0] AndroidManifest.xml:54:9-58:39
171            android:name="com.google.android.gms.ads.MobileAdsInitProvider"
171-->[com.google.android.gms:play-services-ads-lite:20.2.0] AndroidManifest.xml:55:13-76
172            android:authorities="com.example.socialboard.mobileadsinitprovider"
172-->[com.google.android.gms:play-services-ads-lite:20.2.0] AndroidManifest.xml:56:13-73
173            android:exported="false"
173-->[com.google.android.gms:play-services-ads-lite:20.2.0] AndroidManifest.xml:57:13-37
174            android:initOrder="100" />
174-->[com.google.android.gms:play-services-ads-lite:20.2.0] AndroidManifest.xml:58:13-36
175
176        <service
176-->[com.google.android.gms:play-services-ads-lite:20.2.0] AndroidManifest.xml:60:9-63:40
177            android:name="com.google.android.gms.ads.AdService"
177-->[com.google.android.gms:play-services-ads-lite:20.2.0] AndroidManifest.xml:61:13-64
178            android:enabled="true"
178-->[com.google.android.gms:play-services-ads-lite:20.2.0] AndroidManifest.xml:62:13-35
179            android:exported="false" />
179-->[com.google.android.gms:play-services-ads-lite:20.2.0] AndroidManifest.xml:63:13-37
180
181        <receiver
181-->[com.google.android.gms:play-services-measurement:19.0.0] AndroidManifest.xml:29:9-33:20
182            android:name="com.google.android.gms.measurement.AppMeasurementReceiver"
182-->[com.google.android.gms:play-services-measurement:19.0.0] AndroidManifest.xml:30:13-85
183            android:enabled="true"
183-->[com.google.android.gms:play-services-measurement:19.0.0] AndroidManifest.xml:31:13-35
184            android:exported="false" >
184-->[com.google.android.gms:play-services-measurement:19.0.0] AndroidManifest.xml:32:13-37
185        </receiver>
186
187        <service
187-->[com.google.android.gms:play-services-measurement:19.0.0] AndroidManifest.xml:35:9-38:40
188            android:name="com.google.android.gms.measurement.AppMeasurementService"
188-->[com.google.android.gms:play-services-measurement:19.0.0] AndroidManifest.xml:36:13-84
189            android:enabled="true"
189-->[com.google.android.gms:play-services-measurement:19.0.0] AndroidManifest.xml:37:13-35
190            android:exported="false" />
190-->[com.google.android.gms:play-services-measurement:19.0.0] AndroidManifest.xml:38:13-37
191        <service
191-->[com.google.android.gms:play-services-measurement:19.0.0] AndroidManifest.xml:39:9-43:72
192            android:name="com.google.android.gms.measurement.AppMeasurementJobService"
192-->[com.google.android.gms:play-services-measurement:19.0.0] AndroidManifest.xml:40:13-87
193            android:enabled="true"
193-->[com.google.android.gms:play-services-measurement:19.0.0] AndroidManifest.xml:41:13-35
194            android:exported="false"
194-->[com.google.android.gms:play-services-measurement:19.0.0] AndroidManifest.xml:42:13-37
195            android:permission="android.permission.BIND_JOB_SERVICE" />
195-->[com.google.android.gms:play-services-measurement:19.0.0] AndroidManifest.xml:43:13-69
196
197        <meta-data
197-->[com.google.android.gms:play-services-basement:17.6.0] AndroidManifest.xml:23:9-25:69
198            android:name="com.google.android.gms.version"
198-->[com.google.android.gms:play-services-basement:17.6.0] AndroidManifest.xml:24:13-58
199            android:value="@integer/google_play_services_version" />
199-->[com.google.android.gms:play-services-basement:17.6.0] AndroidManifest.xml:25:13-66
200
201        <provider
201-->[androidx.work:work-runtime:2.1.0] AndroidManifest.xml:30:9-36:35
202            android:name="androidx.work.impl.WorkManagerInitializer"
202-->[androidx.work:work-runtime:2.1.0] AndroidManifest.xml:31:13-69
203            android:authorities="com.example.socialboard.workmanager-init"
203-->[androidx.work:work-runtime:2.1.0] AndroidManifest.xml:32:13-68
204            android:directBootAware="false"
204-->[androidx.work:work-runtime:2.1.0] AndroidManifest.xml:33:13-44
205            android:exported="false"
205-->[androidx.work:work-runtime:2.1.0] AndroidManifest.xml:34:13-37
206            android:multiprocess="true" />
206-->[androidx.work:work-runtime:2.1.0] AndroidManifest.xml:35:13-40
207
208        <service
208-->[androidx.work:work-runtime:2.1.0] AndroidManifest.xml:38:9-43:35
209            android:name="androidx.work.impl.background.systemalarm.SystemAlarmService"
209-->[androidx.work:work-runtime:2.1.0] AndroidManifest.xml:39:13-88
210            android:directBootAware="false"
210-->[androidx.work:work-runtime:2.1.0] AndroidManifest.xml:40:13-44
211            android:enabled="@bool/enable_system_alarm_service_default"
211-->[androidx.work:work-runtime:2.1.0] AndroidManifest.xml:41:13-72
212            android:exported="false" />
212-->[androidx.work:work-runtime:2.1.0] AndroidManifest.xml:42:13-37
213        <service
213-->[androidx.work:work-runtime:2.1.0] AndroidManifest.xml:44:9-50:35
214            android:name="androidx.work.impl.background.systemjob.SystemJobService"
214-->[androidx.work:work-runtime:2.1.0] AndroidManifest.xml:45:13-84
215            android:directBootAware="false"
215-->[androidx.work:work-runtime:2.1.0] AndroidManifest.xml:46:13-44
216            android:enabled="@bool/enable_system_job_service_default"
216-->[androidx.work:work-runtime:2.1.0] AndroidManifest.xml:47:13-70
217            android:exported="true"
217-->[androidx.work:work-runtime:2.1.0] AndroidManifest.xml:48:13-36
218            android:permission="android.permission.BIND_JOB_SERVICE" />
218-->[androidx.work:work-runtime:2.1.0] AndroidManifest.xml:49:13-69
219
220        <receiver
220-->[androidx.work:work-runtime:2.1.0] AndroidManifest.xml:52:9-57:35
221            android:name="androidx.work.impl.utils.ForceStopRunnable$BroadcastReceiver"
221-->[androidx.work:work-runtime:2.1.0] AndroidManifest.xml:53:13-88
222            android:directBootAware="false"
222-->[androidx.work:work-runtime:2.1.0] AndroidManifest.xml:54:13-44
223            android:enabled="true"
223-->[androidx.work:work-runtime:2.1.0] AndroidManifest.xml:55:13-35
224            android:exported="false" />
224-->[androidx.work:work-runtime:2.1.0] AndroidManifest.xml:56:13-37
225        <receiver
225-->[androidx.work:work-runtime:2.1.0] AndroidManifest.xml:58:9-68:20
226            android:name="androidx.work.impl.background.systemalarm.ConstraintProxy$BatteryChargingProxy"
226-->[androidx.work:work-runtime:2.1.0] AndroidManifest.xml:59:13-106
227            android:directBootAware="false"
227-->[androidx.work:work-runtime:2.1.0] AndroidManifest.xml:60:13-44
228            android:enabled="false"
228-->[androidx.work:work-runtime:2.1.0] AndroidManifest.xml:61:13-36
229            android:exported="false" >
229-->[androidx.work:work-runtime:2.1.0] AndroidManifest.xml:62:13-37
230            <intent-filter>
230-->[androidx.work:work-runtime:2.1.0] AndroidManifest.xml:64:13-67:29
231                <action android:name="android.intent.action.ACTION_POWER_CONNECTED" />
231-->[androidx.work:work-runtime:2.1.0] AndroidManifest.xml:65:17-87
231-->[androidx.work:work-runtime:2.1.0] AndroidManifest.xml:65:25-84
232                <action android:name="android.intent.action.ACTION_POWER_DISCONNECTED" />
232-->[androidx.work:work-runtime:2.1.0] AndroidManifest.xml:66:17-90
232-->[androidx.work:work-runtime:2.1.0] AndroidManifest.xml:66:25-87
233            </intent-filter>
234        </receiver>
235        <receiver
235-->[androidx.work:work-runtime:2.1.0] AndroidManifest.xml:69:9-79:20
236            android:name="androidx.work.impl.background.systemalarm.ConstraintProxy$BatteryNotLowProxy"
236-->[androidx.work:work-runtime:2.1.0] AndroidManifest.xml:70:13-104
237            android:directBootAware="false"
237-->[androidx.work:work-runtime:2.1.0] AndroidManifest.xml:71:13-44
238            android:enabled="false"
238-->[androidx.work:work-runtime:2.1.0] AndroidManifest.xml:72:13-36
239            android:exported="false" >
239-->[androidx.work:work-runtime:2.1.0] AndroidManifest.xml:73:13-37
240            <intent-filter>
240-->[androidx.work:work-runtime:2.1.0] AndroidManifest.xml:75:13-78:29
241                <action android:name="android.intent.action.BATTERY_OKAY" />
241-->[androidx.work:work-runtime:2.1.0] AndroidManifest.xml:76:17-77
241-->[androidx.work:work-runtime:2.1.0] AndroidManifest.xml:76:25-74
242                <action android:name="android.intent.action.BATTERY_LOW" />
242-->[androidx.work:work-runtime:2.1.0] AndroidManifest.xml:77:17-76
242-->[androidx.work:work-runtime:2.1.0] AndroidManifest.xml:77:25-73
243            </intent-filter>
244        </receiver>
245        <receiver
245-->[androidx.work:work-runtime:2.1.0] AndroidManifest.xml:80:9-90:20
246            android:name="androidx.work.impl.background.systemalarm.ConstraintProxy$StorageNotLowProxy"
246-->[androidx.work:work-runtime:2.1.0] AndroidManifest.xml:81:13-104
247            android:directBootAware="false"
247-->[androidx.work:work-runtime:2.1.0] AndroidManifest.xml:82:13-44
248            android:enabled="false"
248-->[androidx.work:work-runtime:2.1.0] AndroidManifest.xml:83:13-36
249            android:exported="false" >
249-->[androidx.work:work-runtime:2.1.0] AndroidManifest.xml:84:13-37
250            <intent-filter>
250-->[androidx.work:work-runtime:2.1.0] AndroidManifest.xml:86:13-89:29
251                <action android:name="android.intent.action.DEVICE_STORAGE_LOW" />
251-->[androidx.work:work-runtime:2.1.0] AndroidManifest.xml:87:17-83
251-->[androidx.work:work-runtime:2.1.0] AndroidManifest.xml:87:25-80
252                <action android:name="android.intent.action.DEVICE_STORAGE_OK" />
252-->[androidx.work:work-runtime:2.1.0] AndroidManifest.xml:88:17-82
252-->[androidx.work:work-runtime:2.1.0] AndroidManifest.xml:88:25-79
253            </intent-filter>
254        </receiver>
255        <receiver
255-->[androidx.work:work-runtime:2.1.0] AndroidManifest.xml:91:9-100:20
256            android:name="androidx.work.impl.background.systemalarm.ConstraintProxy$NetworkStateProxy"
256-->[androidx.work:work-runtime:2.1.0] AndroidManifest.xml:92:13-103
257            android:directBootAware="false"
257-->[androidx.work:work-runtime:2.1.0] AndroidManifest.xml:93:13-44
258            android:enabled="false"
258-->[androidx.work:work-runtime:2.1.0] AndroidManifest.xml:94:13-36
259            android:exported="false" >
259-->[androidx.work:work-runtime:2.1.0] AndroidManifest.xml:95:13-37
260            <intent-filter>
260-->[androidx.work:work-runtime:2.1.0] AndroidManifest.xml:97:13-99:29
261                <action android:name="android.net.conn.CONNECTIVITY_CHANGE" />
261-->[androidx.work:work-runtime:2.1.0] AndroidManifest.xml:98:17-79
261-->[androidx.work:work-runtime:2.1.0] AndroidManifest.xml:98:25-76
262            </intent-filter>
263        </receiver>
264        <receiver